 
cpldfit:  version P.20131013                        Xilinx Inc.
                                  Fitter Report
Design Name: cpld_ram1m                          Date:  5- 7-2020,  4:11PM
Device Used: XC9536-10-PC44
Fitting Status: Successful

*************************  Mapped Resource Summary  **************************

Macrocells     Product Terms    Function Block   Registers      Pins           
Used/Tot       Used/Tot         Inps Used/Tot    Used/Tot       Used/Tot       
34 /36  ( 94%) 146 /180  ( 81%) 64 /72  ( 89%)   14 /36  ( 39%) 33 /34  ( 97%)

** Function Block Resources **

Function    Mcells      FB Inps     Signals     Pterms      IO          
Block       Used/Tot    Used/Tot    Used        Used/Tot    Used/Tot    
FB1          17/18       32/36       32          76/90       8/17
FB2          17/18       32/36       32          70/90       6/17
             -----       -----                   -----       -----     
             34/36       64/72                  146/180     14/34 

* - Resource is exhausted

** Global Control Resources **

Signal 'clk' mapped onto global clock net GCK1.
The complement of 'clk' mapped onto global clock net GCK3.
Global output enable net(s) unused.
The complement of 'reset_b' mapped onto global set/reset net GSR.

** Pin Resources **

Signal Type    Required     Mapped  |  Pin Type            Used    Total 
------------------------------------|------------------------------------
Input         :   17          17    |  I/O              :    28      28
Output        :   11          11    |  GCK/IO           :     2       3
Bidirectional :    3           3    |  GTS/IO           :     2       2
GCK           :    1           1    |  GSR/IO           :     1       1
GTS           :    0           0    |
GSR           :    1           1    |
                 ----        ----
        Total     33          33

** Power Data **

There are 34 macrocells in high performance mode (MCHP).
There are 0 macrocells in low power mode (MCLP).
End of Mapped Resource Summary
**************************  Errors and Warnings  ***************************

WARNING:Cpld - Unable to retrieve the path to the iSE Project Repository. Will
   use the default filename of 'cpld_ram1m.ise'.
INFO:Cpld:994 - Exhaustive fitting is trying pterm limit: 19 and input limit: 19
WARNING:Cpld:896 - Unable to map all desired signals into function block, FB1,
   because too many function block product terms are required. Buffering output
   signal ramadrhi<4> to allow all signals assigned to this function block to be
   placed.
WARNING:Cpld:896 - Unable to map all desired signals into function block, FB1,
   because too many function block product terms are required. Buffering output
   signal ramadrhi<3> to allow all signals assigned to this function block to be
   placed.
*************************  Summary of Mapped Logic  ************************

** 14 Outputs **

Signal                        Total Total Loc     Pin  Pin     Pin     Pwr  Slew Reg Init
Name                          Pts   Inps          No.  Type    Use     Mode Rate State
ramdis                        1     1     FB1_2   3    I/O     O       STD  FAST 
ramoe_b                       8     12    FB1_10  12   I/O     O       STD  FAST 
ramadrhi<3>                   2     2     FB1_11  13   I/O     O       STD  FAST 
ramadrhi<4>                   2     2     FB1_12  14   I/O     O       STD  FAST 
ramadrhi<2>                   11    9     FB1_13  18   I/O     O       STD  FAST 
ramadrhi<1>                   7     8     FB1_14  19   I/O     O       STD  FAST 
ramwe_b                       1     2     FB1_16  22   I/O     O       STD  FAST 
ramadrhi<0>                   7     8     FB1_17  24   I/O     O       STD  FAST 
wr_b                          1     4     FB2_3   42   GTS/I/O I/O     STD  FAST 
adr15_aux                     1     4     FB2_4   43   I/O     O       STD  FAST 
adr15                         1     4     FB2_5   40   GTS/I/O I/O     STD  FAST 
rd_b                          1     1     FB2_7   38   I/O     I/O     STD  FAST 
ramcs0_b                      14    12    FB2_16  26   I/O     O       STD  FAST 
ramcs1_b                      4     10    FB2_17  25   I/O     O       STD  FAST 

** 20 Buried Nodes **

Signal                        Total Total Loc     Pwr  Reg Init
Name                          Pts   Inps          Mode State
$OpTx$INV$15__$INT            13    11    FB1_1   STD  
mwr_cyc_f_q                   1     1     FB1_3   STD  RESET
urom_disable_q                2     7     FB1_4   STD  RESET
mwr_cyc_q                     2     4     FB1_5   STD  RESET
exp_ram_q                     4     7     FB1_6   STD  RESET
adr15_q                       2     2     FB1_7   STD  RESET
$OpTx$FX_DC$21                3     5     FB1_8   STD  
ramblock_q<3>                 8     13    FB1_9   STD  RESET
lrom_disable_q                2     7     FB1_18  STD  RESET
ramadrhi<3>_BUFR              10    8     FB2_1   STD  
ramblock_q<2>                 2     7     FB2_2   STD  RESET
ramblock_q<1>                 2     7     FB2_6   STD  RESET
ramblock_q<0>                 2     7     FB2_8   STD  RESET
N0$BUF0/N0$BUF0_TRST__$INT    3     5     FB2_9   STD  
ramblock_q<5>                 4     9     FB2_10  STD  RESET
ramblock_q<4>                 4     9     FB2_11  STD  RESET
mode3_overdrive_q             6     11    FB2_12  STD  RESET
ramblock_q<6>                 4     9     FB2_13  STD  RESET
ramadrhi<4>_BUFR              10    8     FB2_14  STD  
$OpTx$$OpTx$FX_DC$18_INV$126  1     2     FB2_18  STD  

** 19 Inputs **

Signal                        Loc     Pin  Pin     Pin     
Name                                  No.  Type    Use     
mreq_b                        FB1_1   2    I/O     I
clk                           FB1_3   5    GCK/I/O GCK
rfsh_b                        FB1_4   4    I/O     I
dip<2>                        FB1_6   8    I/O     I
dip<3>                        FB1_7   7    GCK/I/O I
dip<1>                        FB1_8   9    I/O     I
dip<0>                        FB1_9   11   I/O     I
adr8                          FB1_15  20   I/O     I
adr14                         FB2_1   1    I/O     I
iorq_b                        FB2_2   44   I/O     I
reset_b                       FB2_6   39   GSR/I/O GSR/I
data<0>                       FB2_8   37   I/O     I
data<1>                       FB2_9   36   I/O     I
data<2>                       FB2_10  35   I/O     I
data<3>                       FB2_11  34   I/O     I
data<4>                       FB2_12  33   I/O     I
data<5>                       FB2_13  29   I/O     I
data<6>                       FB2_14  28   I/O     I
data<7>                       FB2_15  27   I/O     I

Legend:
Pin No. - ~ - User Assigned
**************************  Function Block Details  ************************
Legend:
Total Pt     - Total product terms used by the macrocell signal
Imp Pt       - Product terms imported from other macrocells
Exp Pt       - Product terms exported to other macrocells
               in direction shown
Unused Pt    - Unused local product terms remaining in macrocell
Loc          - Location where logic was mapped in device
Pin Type/Use - I  - Input             GCK - Global Clock
               O  - Output            GTS - Global Output Enable
              (b) - Buried macrocell  GSR - Global Set/Reset
X(@)         - Signal used as input (wire-AND input) to the macrocell logic.
               The number of Signals Used may exceed the number of FB Inputs
               Used due to wire-ANDing in the switch matrix.
Pin No.      - ~  - User Assigned
*********************************** FB1  ***********************************
Number of function block inputs used/remaining:               32/4
Number of signals used by logic mapping into function block:  32
Signal              Total   Imp   Exp Unused  Loc     Pin   Pin     Pin
Name                Pt      Pt    Pt  Pt               #    Type    Use
$OpTx$INV$15__$INT   13       8<-   0   0     FB1_1   2     I/O     I
ramdis                1       0   /\4   0     FB1_2   3     I/O     O
mwr_cyc_f_q           1       0     0   4     FB1_3   5     GCK/I/O GCK
urom_disable_q        2       0     0   3     FB1_4   4     I/O     I
mwr_cyc_q             2       0     0   3     FB1_5   6     GCK/I/O (b)
exp_ram_q             4       0     0   1     FB1_6   8     I/O     I
adr15_q               2       0   \/1   2     FB1_7   7     GCK/I/O I
$OpTx$FX_DC$21        3       1<- \/3   0     FB1_8   9     I/O     I
ramblock_q<3>         8       3<-   0   0     FB1_9   11    I/O     I
ramoe_b               8       3<-   0   0     FB1_10  12    I/O     O
ramadrhi<3>           2       0   /\3   0     FB1_11  13    I/O     O
ramadrhi<4>           2       0   \/3   0     FB1_12  14    I/O     O
ramadrhi<2>          11       6<-   0   0     FB1_13  18    I/O     O
ramadrhi<1>           7       5<- /\3   0     FB1_14  19    I/O     O
(unused)              0       0   /\5   0     FB1_15  20    I/O     I
ramwe_b               1       0   \/3   1     FB1_16  22    I/O     O
ramadrhi<0>           7       3<- \/1   0     FB1_17  24    I/O     O
lrom_disable_q        2       1<- \/4   0     FB1_18        (b)     (b)

Signals Used by Logic in Function Block
  1: $OpTx$INV$15__$INT  12: data<6>            23: mwr_cyc_q 
  2: adr15.PIN           13: data<7>            24: ramadrhi<3>_BUFR 
  3: rd_b.PIN            14: dip<0>             25: ramadrhi<4>_BUFR 
  4: wr_b.PIN            15: dip<1>             26: ramblock_q<0> 
  5: adr14               16: dip<2>             27: ramblock_q<1> 
  6: adr15_q             17: dip<3>             28: ramblock_q<2> 
  7: adr8                18: iorq_b             29: ramblock_q<3> 
  8: data<2>             19: lrom_disable_q     30: reset_b 
  9: data<3>             20: mode3_overdrive_q  31: rfsh_b 
 10: data<4>             21: mreq_b             32: urom_disable_q 
 11: data<5>             22: mwr_cyc_f_q       

Signal                        1         2         3         4 Signals FB
Name                0----+----0----+----0----+----0----+----0 Used    Inputs
$OpTx$INV$15__$INT   .X..XX.......XXXX.....X..XXX............ 11      11
ramdis               X....................................... 1       1
mwr_cyc_f_q          ......................X................. 1       1
urom_disable_q       .X.X....X..XX....X.............X........ 7       7
mwr_cyc_q            ..X.................X.X.......X......... 4       4
exp_ram_q            .X..XX.......X...........XXX............ 7       7
adr15_q              .X..................X................... 2       2
$OpTx$FX_DC$21       ..X..........X......X.X.......X......... 5       5
ramblock_q<3>        .X.X..X.XXXXXX.XXX..........X........... 13      13
ramoe_b              ..X.XX.......X.XX.XXX.X.......XX........ 12      12
ramadrhi<3>          .......................X.....X.......... 2       2
ramadrhi<4>          ........................X....X.......... 2       2
ramadrhi<2>          .X..XX.......X...........XXXXX.......... 9       9
ramadrhi<1>          .X..XX.......X...........XXX.X.......... 8       8
ramwe_b              ...X.................X.................. 2       2
ramadrhi<0>          .X..XX.......X...........XXX.X.......... 8       8
lrom_disable_q       .X.X...X...XX....XX..................... 7       7
                    0----+----1----+----2----+----3----+----4
                              0         0         0         0
*********************************** FB2  ***********************************
Number of function block inputs used/remaining:               32/4
Number of signals used by logic mapping into function block:  32
Signal              Total   Imp   Exp Unused  Loc     Pin   Pin     Pin
Name                Pt      Pt    Pt  Pt               #    Type    Use
ramadrhi<3>_BUFR     10       5<-   0   0     FB2_1   1     I/O     I
ramblock_q<2>         2       2<- /\5   0     FB2_2   44    I/O     I
wr_b                  1       0   /\2   2     FB2_3   42    GTS/I/O I/O
adr15_aux             1       0     0   4     FB2_4   43    I/O     O
adr15                 1       0     0   4     FB2_5   40    GTS/I/O I/O
ramblock_q<1>         2       0     0   3     FB2_6   39    GSR/I/O GSR/I
rd_b                  1       0     0   4     FB2_7   38    I/O     I/O
ramblock_q<0>         2       0   \/1   2     FB2_8   37    I/O     I
N0$BUF0/N0$BUF0_TRST__$INT
                      3       1<- \/3   0     FB2_9   36    I/O     I
ramblock_q<5>         4       3<- \/4   0     FB2_10  35    I/O     I
ramblock_q<4>         4       4<- \/5   0     FB2_11  34    I/O     I
mode3_overdrive_q     6       5<- \/4   0     FB2_12  33    I/O     I
ramblock_q<6>         4       4<- \/5   0     FB2_13  29    I/O     I
ramadrhi<4>_BUFR     10       5<-   0   0     FB2_14  28    I/O     I
(unused)              0       0   \/5   0     FB2_15  27    I/O     I
ramcs0_b             14       9<-   0   0     FB2_16  26    I/O     O
ramcs1_b              4       3<- /\4   0     FB2_17  25    I/O     O
$OpTx$$OpTx$FX_DC$18_INV$126
                      1       0   /\3   1     FB2_18        (b)     (b)

Signals Used by Logic in Function Block
  1: $OpTx$$OpTx$FX_DC$18_INV$126  12: data<4>            23: mreq_b 
  2: $OpTx$FX_DC$21                13: data<5>            24: mwr_cyc_f_q 
  3: N0$BUF0/N0$BUF0_TRST__$INT    14: data<6>            25: mwr_cyc_q 
  4: adr15.PIN                     15: data<7>            26: ramblock_q<0> 
  5: wr_b.PIN                      16: dip<0>             27: ramblock_q<1> 
  6: adr14                         17: dip<1>             28: ramblock_q<2> 
  7: adr15_q                       18: dip<2>             29: ramblock_q<4> 
  8: adr8                          19: dip<3>             30: ramblock_q<5> 
  9: data<0>                       20: exp_ram_q          31: ramblock_q<6> 
 10: data<1>                       21: iorq_b             32: rfsh_b 
 11: data<2>                       22: mode3_overdrive_q 

Signal                        1         2         3         4 Signals FB
Name                0----+----0----+----0----+----0----+----0 Used    Inputs
ramadrhi<3>_BUFR     ...X.XX........X.........XXXX........... 8       8
ramblock_q<2>        ...XX.....X..XX.....X......X............ 7       7
wr_b                 X..................X...XX............... 4       4
adr15_aux            .X...XX..............X.................. 4       4
adr15                .X...XX..............X.................. 4       4
ramblock_q<1>        ...XX....X...XX.....X.....X............. 7       7
rd_b                 ..X..................................... 1       1
ramblock_q<0>        ...XX...X....XX.....X....X.............. 7       7
N0$BUF0/N0$BUF0_TRST__$INT 
                     ...............XX..X...XX............... 5       5
ramblock_q<5>        ...XX.......XXX..XX.X........X.......... 9       9
ramblock_q<4>        ...XX......X.XX..XX.X.......X........... 9       9
mode3_overdrive_q    ...XX...XXX..XXXX...XX.................. 11      11
ramblock_q<6>        ...XX..X.....XX..XX.X.........X......... 9       9
ramadrhi<4>_BUFR     ...X.XX........X.........XXX.X.......... 8       8
ramcs0_b             ...X.XX........XX.....X.XXXX..XX........ 12      12
ramcs1_b             ...X.XX........X......X..XXX..XX........ 10      10
$OpTx$$OpTx$FX_DC$18_INV$126 
                     ...............XX....................... 2       2
                    0----+----1----+----2----+----3----+----4
                              0         0         0         0
*******************************  Equations  ********************************

********** Mapped Logic **********


$OpTx$$OpTx$FX_DC$18_INV$126 <= (NOT dip(0) AND NOT dip(1));


$OpTx$FX_DC$21 <= ((NOT mreq_b AND rfsh_b AND rd_b.PIN)
	OR (NOT mreq_b AND NOT dip(0))
	OR (dip(0) AND mwr_cyc_q));


$OpTx$INV$15__$INT <= ((NOT adr15.PIN AND NOT ramblock_q(1) AND NOT ramblock_q(2) AND 
	NOT mwr_cyc_q AND NOT dip(1))
	OR (ramblock_q(0) AND ramblock_q(1) AND NOT ramblock_q(2) AND 
	NOT dip(0) AND NOT adr15_q)
	OR (NOT ramblock_q(0) AND ramblock_q(1) AND NOT ramblock_q(2) AND 
	dip(0) AND NOT dip(1))
	OR (NOT ramblock_q(0) AND NOT ramblock_q(2) AND dip(0) AND 
	NOT mwr_cyc_q AND NOT dip(1))
	OR (adr15.PIN AND ramblock_q(2) AND NOT mwr_cyc_q AND NOT dip(1))
	OR (NOT adr15.PIN AND NOT ramblock_q(1) AND NOT ramblock_q(2) AND 
	NOT dip(0))
	OR (NOT adr14 AND dip(0) AND NOT mwr_cyc_q AND NOT dip(1))
	OR (NOT ramblock_q(0) AND NOT ramblock_q(1) AND NOT ramblock_q(2) AND 
	NOT dip(0))
	OR (NOT dip(3) AND NOT dip(2))
	OR (adr15.PIN AND ramblock_q(2) AND NOT dip(0))
	OR (NOT adr14 AND ramblock_q(0) AND NOT dip(0))
	OR (NOT adr14 AND NOT ramblock_q(1) AND NOT dip(0))
	OR (NOT adr14 AND ramblock_q(2) AND NOT dip(0)));






N0$BUF0/N0$BUF0_TRST__$INT <= ((NOT exp_ram_q)
	OR (NOT dip(0) AND NOT dip(1))
	OR (NOT mwr_cyc_f_q AND NOT mwr_cyc_q));


adr15_I <= '1';
adr15 <= adr15_I when adr15_OE = '1' else 'Z';
adr15_OE <= (adr14 AND mode3_overdrive_q AND NOT adr15_q AND 
	$OpTx$FX_DC$21);


adr15_aux_I <= '1';
adr15_aux <= adr15_aux_I when adr15_aux_OE = '1' else 'Z';
adr15_aux_OE <= (adr14 AND mode3_overdrive_q AND NOT adr15_q AND 
	$OpTx$FX_DC$21);

FDCPE_adr15_q: FDCPE port map (adr15_q,adr15.PIN,NOT mreq_b,'0','0');

FDCPE_exp_ram_q: FDCPE port map (exp_ram_q,exp_ram_q_D,clk,NOT reset_b,'0');
exp_ram_q_D <= ((NOT adr15.PIN AND adr14 AND ramblock_q(2))
	OR (NOT ramblock_q(0) AND ramblock_q(1) AND NOT ramblock_q(2) AND 
	NOT dip(0))
	OR (adr15.PIN AND adr14 AND ramblock_q(0) AND 
	NOT ramblock_q(1) AND NOT ramblock_q(2))
	OR (adr14 AND ramblock_q(0) AND ramblock_q(1) AND 
	NOT ramblock_q(2) AND adr15_q));

FTCPE_lrom_disable_q: FTCPE port map (lrom_disable_q,lrom_disable_q_T,NOT clk,NOT reset_b,'0');
lrom_disable_q_T <= ((data(7) AND NOT wr_b.PIN AND NOT iorq_b AND NOT adr15.PIN AND 
	lrom_disable_q AND NOT data(6) AND NOT data(2))
	OR (data(7) AND NOT wr_b.PIN AND NOT iorq_b AND NOT adr15.PIN AND 
	NOT lrom_disable_q AND NOT data(6) AND data(2)));

FTCPE_mode3_overdrive_q: FTCPE port map (mode3_overdrive_q,mode3_overdrive_q_T,NOT clk,NOT reset_b,'0');
mode3_overdrive_q_T <= ((data(7) AND NOT wr_b.PIN AND NOT iorq_b AND NOT adr15.PIN AND 
	mode3_overdrive_q AND data(6) AND data(2))
	OR (data(7) AND NOT wr_b.PIN AND NOT iorq_b AND NOT adr15.PIN AND 
	mode3_overdrive_q AND data(6) AND NOT data(1))
	OR (data(7) AND NOT wr_b.PIN AND NOT iorq_b AND NOT adr15.PIN AND 
	mode3_overdrive_q AND NOT dip(0) AND data(6) AND NOT dip(1))
	OR (data(7) AND NOT wr_b.PIN AND NOT iorq_b AND NOT adr15.PIN AND 
	NOT mode3_overdrive_q AND dip(0) AND data(6) AND NOT data(2) AND data(1) AND data(0))
	OR (data(7) AND NOT wr_b.PIN AND NOT iorq_b AND NOT adr15.PIN AND 
	NOT mode3_overdrive_q AND data(6) AND dip(1) AND NOT data(2) AND data(1) AND data(0))
	OR (data(7) AND NOT wr_b.PIN AND NOT iorq_b AND NOT adr15.PIN AND 
	mode3_overdrive_q AND data(6) AND NOT data(0)));

FDCPE_mwr_cyc_f_q: FDCPE port map (mwr_cyc_f_q,mwr_cyc_q,NOT clk,NOT reset_b,'0');

FDCPE_mwr_cyc_q: FDCPE port map (mwr_cyc_q,mwr_cyc_q_D,clk,'0','0');
mwr_cyc_q_D <= ((NOT mreq_b AND mwr_cyc_q)
	OR (NOT mreq_b AND rfsh_b AND rd_b.PIN));


ramadrhi_I(0) <= ((adr14 AND NOT ramblock_q(0) AND ramblock_q(1) AND 
	NOT ramblock_q(2))
	OR (adr14 AND ramblock_q(1) AND NOT ramblock_q(2) AND adr15_q)
	OR (adr15.PIN AND adr14 AND ramblock_q(0) AND 
	NOT ramblock_q(1) AND NOT ramblock_q(2))
	OR (adr15.PIN AND adr14 AND dip(0))
	OR (adr14 AND NOT ramblock_q(2) AND dip(0))
	OR (NOT adr15.PIN AND adr14 AND ramblock_q(0) AND 
	ramblock_q(2)));
ramadrhi(0) <= ramadrhi_I(0) when ramadrhi_OE(0) = '1' else 'Z';
ramadrhi_OE(0) <= reset_b;


ramadrhi_I(1) <= ((adr15.PIN AND NOT ramblock_q(0) AND ramblock_q(1) AND 
	NOT ramblock_q(2))
	OR (NOT adr15.PIN AND adr14 AND ramblock_q(1) AND 
	ramblock_q(2))
	OR (adr14 AND ramblock_q(0) AND ramblock_q(1) AND dip(0))
	OR (adr15.PIN AND adr14 AND ramblock_q(0) AND 
	NOT ramblock_q(1) AND NOT ramblock_q(2))
	OR (adr14 AND ramblock_q(0) AND ramblock_q(1) AND 
	NOT ramblock_q(2) AND adr15_q)
	OR (adr15.PIN AND dip(0)));
ramadrhi(1) <= ramadrhi_I(1) when ramadrhi_OE(1) = '1' else 'Z';
ramadrhi_OE(1) <= reset_b;


ramadrhi_I(2) <= ((adr15.PIN AND ramblock_q(2) AND dip(0))
	OR (NOT adr14 AND ramblock_q(2) AND dip(0))
	OR (NOT adr15.PIN AND NOT ramblock_q(1) AND NOT ramblock_q(2) AND 
	dip(0))
	OR (NOT adr15.PIN AND adr14 AND ramblock_q(2) AND 
	ramblock_q(3))
	OR (NOT ramblock_q(0) AND ramblock_q(1) AND NOT ramblock_q(2) AND 
	ramblock_q(3))
	OR (adr15.PIN AND adr14 AND ramblock_q(0) AND 
	NOT ramblock_q(1) AND NOT ramblock_q(2) AND ramblock_q(3))
	OR (NOT adr14 AND ramblock_q(0) AND dip(0))
	OR (NOT ramblock_q(0) AND NOT ramblock_q(1) AND NOT ramblock_q(2) AND 
	dip(0))
	OR (adr14 AND ramblock_q(1) AND NOT ramblock_q(2) AND 
	ramblock_q(3) AND adr15_q)
	OR (ramblock_q(0) AND ramblock_q(1) AND NOT ramblock_q(2) AND 
	dip(0) AND NOT adr15_q));
ramadrhi(2) <= ramadrhi_I(2) when ramadrhi_OE(2) = '1' else 'Z';
ramadrhi_OE(2) <= reset_b;


ramadrhi_I(3) <= ramadrhi(3)_BUFR;
ramadrhi(3) <= ramadrhi_I(3) when ramadrhi_OE(3) = '1' else 'Z';
ramadrhi_OE(3) <= reset_b;


ramadrhi(3)_BUFR <= ((adr15.PIN AND ramblock_q(2) AND dip(0))
	OR (NOT adr15.PIN AND adr14 AND ramblock_q(2) AND 
	ramblock_q(4))
	OR (NOT adr15.PIN AND NOT ramblock_q(1) AND NOT ramblock_q(2) AND 
	dip(0))
	OR (NOT ramblock_q(0) AND ramblock_q(1) AND NOT ramblock_q(2) AND 
	ramblock_q(4))
	OR (adr15.PIN AND adr14 AND ramblock_q(0) AND 
	NOT ramblock_q(1) AND NOT ramblock_q(2) AND ramblock_q(4))
	OR (NOT adr14 AND ramblock_q(0) AND dip(0))
	OR (NOT adr14 AND ramblock_q(2) AND dip(0))
	OR (NOT ramblock_q(0) AND NOT ramblock_q(1) AND NOT ramblock_q(2) AND 
	dip(0))
	OR (adr14 AND ramblock_q(1) AND NOT ramblock_q(2) AND 
	ramblock_q(4) AND adr15_q)
	OR (ramblock_q(0) AND ramblock_q(1) AND NOT ramblock_q(2) AND 
	dip(0) AND NOT adr15_q));


ramadrhi_I(4) <= ramadrhi(4)_BUFR;
ramadrhi(4) <= ramadrhi_I(4) when ramadrhi_OE(4) = '1' else 'Z';
ramadrhi_OE(4) <= reset_b;


ramadrhi(4)_BUFR <= NOT (((adr15.PIN AND ramblock_q(2) AND NOT dip(0))
	OR (NOT adr15.PIN AND adr14 AND ramblock_q(2) AND 
	NOT ramblock_q(5))
	OR (NOT adr15.PIN AND NOT ramblock_q(1) AND NOT ramblock_q(2) AND 
	NOT dip(0))
	OR (NOT ramblock_q(0) AND ramblock_q(1) AND NOT ramblock_q(2) AND 
	NOT ramblock_q(5))
	OR (adr15.PIN AND adr14 AND ramblock_q(0) AND 
	NOT ramblock_q(1) AND NOT ramblock_q(2) AND NOT ramblock_q(5))
	OR (NOT adr14 AND ramblock_q(0) AND NOT dip(0))
	OR (NOT adr14 AND ramblock_q(2) AND NOT dip(0))
	OR (NOT ramblock_q(0) AND NOT ramblock_q(1) AND NOT ramblock_q(2) AND 
	NOT dip(0))
	OR (adr14 AND ramblock_q(1) AND NOT ramblock_q(2) AND 
	NOT ramblock_q(5) AND adr15_q)
	OR (ramblock_q(0) AND ramblock_q(1) AND NOT ramblock_q(2) AND 
	NOT dip(0) AND NOT adr15_q)));

FTCPE_ramblock_q0: FTCPE port map (ramblock_q(0),ramblock_q_T(0),NOT clk,NOT reset_b,'0');
ramblock_q_T(0) <= ((data(7) AND NOT wr_b.PIN AND NOT iorq_b AND NOT adr15.PIN AND 
	ramblock_q(0) AND data(6) AND NOT data(0))
	OR (data(7) AND NOT wr_b.PIN AND NOT iorq_b AND NOT adr15.PIN AND 
	NOT ramblock_q(0) AND data(6) AND data(0)));

FTCPE_ramblock_q1: FTCPE port map (ramblock_q(1),ramblock_q_T(1),NOT clk,NOT reset_b,'0');
ramblock_q_T(1) <= ((data(7) AND NOT wr_b.PIN AND NOT iorq_b AND NOT adr15.PIN AND 
	ramblock_q(1) AND data(6) AND NOT data(1))
	OR (data(7) AND NOT wr_b.PIN AND NOT iorq_b AND NOT adr15.PIN AND 
	NOT ramblock_q(1) AND data(6) AND data(1)));

FTCPE_ramblock_q2: FTCPE port map (ramblock_q(2),ramblock_q_T(2),NOT clk,NOT reset_b,'0');
ramblock_q_T(2) <= ((data(7) AND NOT wr_b.PIN AND NOT iorq_b AND NOT adr15.PIN AND 
	ramblock_q(2) AND data(6) AND NOT data(2))
	OR (data(7) AND NOT wr_b.PIN AND NOT iorq_b AND NOT adr15.PIN AND 
	NOT ramblock_q(2) AND data(6) AND data(2)));

FDCPE_ramblock_q3: FDCPE port map (ramblock_q(3),ramblock_q_D(3),NOT clk,NOT reset_b,'0');
ramblock_q_D(3) <= ((data(7) AND NOT wr_b.PIN AND NOT iorq_b AND NOT adr15.PIN AND 
	NOT data(3) AND data(6))
	OR (data(7) AND NOT wr_b.PIN AND NOT iorq_b AND NOT adr15.PIN AND 
	dip(3) AND NOT dip(2) AND data(6))
	OR (data(7) AND NOT wr_b.PIN AND NOT iorq_b AND NOT adr15.PIN AND NOT adr8 AND 
	dip(3) AND dip(0) AND data(4) AND data(5) AND data(6))
	OR (NOT data(7) AND NOT ramblock_q(3))
	OR (wr_b.PIN AND NOT ramblock_q(3))
	OR (iorq_b AND NOT ramblock_q(3))
	OR (adr15.PIN AND NOT ramblock_q(3))
	OR (NOT ramblock_q(3) AND NOT data(6)));

FTCPE_ramblock_q4: FTCPE port map (ramblock_q(4),ramblock_q_T(4),NOT clk,NOT reset_b,'0');
ramblock_q_T(4) <= ((data(7) AND NOT wr_b.PIN AND NOT iorq_b AND NOT adr15.PIN AND 
	ramblock_q(4) AND NOT data(4) AND data(6))
	OR (data(7) AND NOT wr_b.PIN AND NOT iorq_b AND NOT adr15.PIN AND 
	ramblock_q(4) AND dip(3) AND NOT dip(2) AND data(6))
	OR (data(7) AND NOT wr_b.PIN AND NOT iorq_b AND NOT adr15.PIN AND 
	NOT ramblock_q(4) AND NOT dip(3) AND data(4) AND data(6))
	OR (data(7) AND NOT wr_b.PIN AND NOT iorq_b AND NOT adr15.PIN AND 
	NOT ramblock_q(4) AND dip(2) AND data(4) AND data(6)));

FTCPE_ramblock_q5: FTCPE port map (ramblock_q(5),ramblock_q_T(5),NOT clk,NOT reset_b,'0');
ramblock_q_T(5) <= ((data(7) AND NOT wr_b.PIN AND NOT iorq_b AND NOT adr15.PIN AND 
	ramblock_q(5) AND dip(3) AND NOT dip(2) AND data(6))
	OR (data(7) AND NOT wr_b.PIN AND NOT iorq_b AND NOT adr15.PIN AND 
	NOT ramblock_q(5) AND NOT dip(3) AND data(5) AND data(6))
	OR (data(7) AND NOT wr_b.PIN AND NOT iorq_b AND NOT adr15.PIN AND 
	NOT ramblock_q(5) AND dip(2) AND data(5) AND data(6))
	OR (data(7) AND NOT wr_b.PIN AND NOT iorq_b AND NOT adr15.PIN AND 
	ramblock_q(5) AND NOT data(5) AND data(6)));

FTCPE_ramblock_q6: FTCPE port map (ramblock_q(6),ramblock_q_T(6),NOT clk,NOT reset_b,'0');
ramblock_q_T(6) <= ((data(7) AND NOT wr_b.PIN AND NOT iorq_b AND NOT adr15.PIN AND 
	NOT ramblock_q(6) AND adr8 AND data(6))
	OR (data(7) AND NOT wr_b.PIN AND NOT iorq_b AND NOT adr15.PIN AND 
	NOT ramblock_q(6) AND NOT dip(3) AND data(6))
	OR (data(7) AND NOT wr_b.PIN AND NOT iorq_b AND NOT adr15.PIN AND 
	NOT ramblock_q(6) AND NOT dip(2) AND data(6))
	OR (data(7) AND NOT wr_b.PIN AND NOT iorq_b AND NOT adr15.PIN AND 
	ramblock_q(6) AND NOT adr8 AND dip(3) AND dip(2) AND data(6)));


ramcs0_b <= NOT (((adr15.PIN AND ramblock_q(2) AND NOT mreq_b AND rfsh_b AND 
	dip(0) AND dip(1))
	OR (NOT adr14 AND ramblock_q(0) AND NOT mreq_b AND rfsh_b AND 
	dip(0) AND mwr_cyc_q)
	OR (NOT adr14 AND ramblock_q(2) AND NOT mreq_b AND rfsh_b AND 
	dip(0) AND mwr_cyc_q)
	OR (NOT ramblock_q(0) AND NOT ramblock_q(2) AND NOT mreq_b AND rfsh_b AND 
	dip(0) AND dip(1))
	OR (NOT ramblock_q(0) AND ramblock_q(1) AND NOT ramblock_q(2) AND 
	NOT ramblock_q(6) AND NOT mreq_b AND rfsh_b AND NOT dip(0))
	OR (NOT adr15.PIN AND NOT ramblock_q(1) AND NOT ramblock_q(2) AND 
	NOT mreq_b AND rfsh_b AND dip(0) AND mwr_cyc_q)
	OR (NOT adr15.PIN AND NOT ramblock_q(1) AND NOT ramblock_q(2) AND 
	NOT mreq_b AND rfsh_b AND dip(0) AND dip(1))
	OR (adr15.PIN AND adr14 AND ramblock_q(0) AND 
	NOT ramblock_q(1) AND NOT ramblock_q(2) AND NOT ramblock_q(6) AND NOT mreq_b AND rfsh_b)
	OR (adr14 AND ramblock_q(0) AND ramblock_q(1) AND 
	NOT ramblock_q(2) AND NOT mreq_b AND rfsh_b AND dip(0) AND NOT adr15_q)
	OR (NOT adr14 AND NOT mreq_b AND rfsh_b AND dip(0) AND dip(1))
	OR (adr15.PIN AND ramblock_q(2) AND NOT mreq_b AND rfsh_b AND 
	dip(0) AND mwr_cyc_q)
	OR (NOT adr15.PIN AND adr14 AND ramblock_q(2) AND 
	NOT ramblock_q(6) AND NOT mreq_b AND rfsh_b)
	OR (NOT ramblock_q(0) AND NOT ramblock_q(1) AND NOT ramblock_q(2) AND 
	NOT mreq_b AND rfsh_b AND dip(0) AND mwr_cyc_q)
	OR (adr14 AND ramblock_q(0) AND ramblock_q(1) AND 
	NOT ramblock_q(2) AND NOT ramblock_q(6) AND NOT mreq_b AND rfsh_b AND adr15_q)));


ramcs1_b <= NOT (((NOT ramblock_q(0) AND ramblock_q(1) AND NOT ramblock_q(2) AND 
	ramblock_q(6) AND NOT mreq_b AND rfsh_b AND NOT dip(0))
	OR (adr15.PIN AND adr14 AND ramblock_q(0) AND 
	NOT ramblock_q(1) AND NOT ramblock_q(2) AND ramblock_q(6) AND NOT mreq_b AND rfsh_b)
	OR (adr14 AND ramblock_q(0) AND ramblock_q(1) AND 
	NOT ramblock_q(2) AND ramblock_q(6) AND NOT mreq_b AND rfsh_b AND adr15_q)
	OR (NOT adr15.PIN AND adr14 AND ramblock_q(2) AND 
	ramblock_q(6) AND NOT mreq_b AND rfsh_b)));


ramdis_I <= '1';
ramdis <= ramdis_I when ramdis_OE = '1' else 'Z';
ramdis_OE <= NOT $OpTx$INV$15__$INT;


ramoe_b <= ((mreq_b)
	OR (NOT rfsh_b)
	OR (rd_b.PIN)
	OR (NOT adr14 AND NOT lrom_disable_q AND NOT adr15_q)
	OR (adr14 AND mode3_overdrive_q AND NOT urom_disable_q AND 
	NOT dip(0))
	OR (adr14 AND mode3_overdrive_q AND NOT urom_disable_q AND 
	mwr_cyc_q)
	OR (NOT dip(3) AND NOT dip(2))
	OR (adr14 AND NOT urom_disable_q AND adr15_q));


ramwe_b <= NOT ((NOT wr_b.PIN AND mwr_cyc_f_q));


rd_b_I <= '0';
rd_b <= rd_b_I when rd_b_OE = '1' else 'Z';
rd_b_OE <= NOT N0$BUF0/N0$BUF0_TRST__$INT;

FTCPE_urom_disable_q: FTCPE port map (urom_disable_q,urom_disable_q_T,NOT clk,NOT reset_b,'0');
urom_disable_q_T <= ((data(7) AND NOT wr_b.PIN AND NOT iorq_b AND NOT adr15.PIN AND 
	urom_disable_q AND NOT data(3) AND NOT data(6))
	OR (data(7) AND NOT wr_b.PIN AND NOT iorq_b AND NOT adr15.PIN AND 
	NOT urom_disable_q AND data(3) AND NOT data(6)));


wr_b_I <= '0';
wr_b <= wr_b_I when wr_b_OE = '1' else 'Z';
wr_b_OE <= (NOT mwr_cyc_f_q AND exp_ram_q AND mwr_cyc_q AND 
	NOT $OpTx$$OpTx$FX_DC$18_INV$126);

Register Legend:
 FDCPE (Q,D,C,CLR,PRE); 
 FTCPE (Q,D,C,CLR,PRE); 
 LDCP  (Q,D,G,CLR,PRE); 

******************************  Device Pin Out *****************************

Device : XC9536-10-PC44


   --------------------------------  
  /6  5  4  3  2  1  44 43 42 41 40 \
 | 7                             39 | 
 | 8                             38 | 
 | 9                             37 | 
 | 10                            36 | 
 | 11        XC9536-10-PC44      35 | 
 | 12                            34 | 
 | 13                            33 | 
 | 14                            32 | 
 | 15                            31 | 
 | 16                            30 | 
 | 17                            29 | 
 \ 18 19 20 21 22 23 24 25 26 27 28 /
   --------------------------------  


Pin Signal                         Pin Signal                        
No. Name                           No. Name                          
  1 adr14                            23 GND                           
  2 mreq_b                           24 ramadrhi<0>                   
  3 ramdis                           25 ramcs1_b                      
  4 rfsh_b                           26 ramcs0_b                      
  5 clk                              27 data<7>                       
  6 TIE                              28 data<6>                       
  7 dip<3>                           29 data<5>                       
  8 dip<2>                           30 TDO                           
  9 dip<1>                           31 GND                           
 10 GND                              32 VCC                           
 11 dip<0>                           33 data<4>                       
 12 ramoe_b                          34 data<3>                       
 13 ramadrhi<3>                      35 data<2>                       
 14 ramadrhi<4>                      36 data<1>                       
 15 TDI                              37 data<0>                       
 16 TMS                              38 rd_b                          
 17 TCK                              39 reset_b                       
 18 ramadrhi<2>                      40 adr15                         
 19 ramadrhi<1>                      41 VCC                           
 20 adr8                             42 wr_b                          
 21 VCC                              43 adr15_aux                     
 22 ramwe_b                          44 iorq_b                        


Legend :  NC  = Not Connected, unbonded pin
         PGND = Unused I/O configured as additional Ground pin
         TIE  = Unused I/O floating -- must tie to VCC, GND or other signal
         VCC  = Dedicated Power Pin
         GND  = Dedicated Ground Pin
         TDI  = Test Data In, JTAG pin
         TDO  = Test Data Out, JTAG pin
         TCK  = Test Clock, JTAG pin
         TMS  = Test Mode Select, JTAG pin
  PROHIBITED  = User reserved pin
****************************  Compiler Options  ****************************

Following is a list of all global compiler options used by the fitter run.

Device(s) Specified                         : xc9536-10-PC44
Optimization Method                         : SPEED
Multi-Level Logic Optimization              : ON
Ignore Timing Specifications                : OFF
Default Register Power Up Value             : LOW
Keep User Location Constraints              : ON
What-You-See-Is-What-You-Get                : OFF
Exhaustive Fitting                          : ON
Keep Unused Inputs                          : OFF
Slew Rate                                   : FAST
Power Mode                                  : STD
Ground on Unused IOs                        : OFF
Global Clock Optimization                   : ON
Global Set/Reset Optimization               : ON
Global Ouput Enable Optimization            : ON
FASTConnect/UIM optimzation                 : ON
Local Feedback                              : ON
Pin Feedback                                : ON
Input Limit                                 : 19
Pterm Limit                                 : 19
